<?xml version="1.0" encoding="UTF-8"?>
<testng-results ignored="0" total="6" passed="6" failed="0" skipped="0">
  <reporter-output>
  </reporter-output>
  <suite started-at="2022-07-05T13:54:06 IST" name="CrossBrowser" finished-at="2022-07-05T13:55:17 IST" duration-ms="70581">
    <groups>
      <group name="Smoke">
        <method signature="IndexPageTests.VerifyLogo()[pri:0, instance:com.mystore.testcases.IndexPageTests@313b2ea6]" name="VerifyLogo" class="com.mystore.testcases.IndexPageTests"/>
        <method signature="IndexPageTests.verifyTitle()[pri:0, instance:com.mystore.testcases.IndexPageTests@313b2ea6]" name="verifyTitle" class="com.mystore.testcases.IndexPageTests"/>
        <method signature="IndexPageTests.VerifyLogo()[pri:0, instance:com.mystore.testcases.IndexPageTests@46fa7c39]" name="VerifyLogo" class="com.mystore.testcases.IndexPageTests"/>
        <method signature="IndexPageTests.verifyTitle()[pri:0, instance:com.mystore.testcases.IndexPageTests@46fa7c39]" name="verifyTitle" class="com.mystore.testcases.IndexPageTests"/>
        <method signature="IndexPageTests.VerifyLogo()[pri:0, instance:com.mystore.testcases.IndexPageTests@78ffe6dc]" name="VerifyLogo" class="com.mystore.testcases.IndexPageTests"/>
        <method signature="IndexPageTests.verifyTitle()[pri:0, instance:com.mystore.testcases.IndexPageTests@78ffe6dc]" name="verifyTitle" class="com.mystore.testcases.IndexPageTests"/>
      </group> <!-- Smoke -->
    </groups>
    <test started-at="2022-07-05T13:54:06 IST" name="Chrome-Test" finished-at="2022-07-05T13:55:06 IST" duration-ms="59920">
      <class name="com.mystore.testcases.IndexPageTests">
        <test-method is-config="true" signature="setup(java.lang.String)[pri:0, instance:com.mystore.testcases.IndexPageTests@313b2ea6]" started-at="2022-07-05T13:54:06 IST" name="setup" finished-at="2022-07-05T13:54:25 IST" duration-ms="18338" status="PASS">
          <params>
            <param index="0">
              <value>
                <![CDATA[Chrome]]>
              </value>
            </param>
          </params>
          <reporter-output>
          </reporter-output>
        </test-method> <!-- setup -->
        <test-method signature="VerifyLogo()[pri:0, instance:com.mystore.testcases.IndexPageTests@313b2ea6]" started-at="2022-07-05T13:54:25 IST" name="VerifyLogo" finished-at="2022-07-05T13:54:40 IST" duration-ms="15371" status="PASS">
          <reporter-output>
          </reporter-output>
        </test-method> <!-- VerifyLogo -->
        <test-method is-config="true" signature="teardown()[pri:0, instance:com.mystore.testcases.IndexPageTests@313b2ea6]" started-at="2022-07-05T13:54:40 IST" name="teardown" finished-at="2022-07-05T13:54:41 IST" duration-ms="1243" status="PASS">
          <reporter-output>
          </reporter-output>
        </test-method> <!-- teardown -->
        <test-method is-config="true" signature="setup(java.lang.String)[pri:0, instance:com.mystore.testcases.IndexPageTests@313b2ea6]" started-at="2022-07-05T13:54:41 IST" name="setup" finished-at="2022-07-05T13:55:06 IST" duration-ms="24330" status="PASS">
          <params>
            <param index="0">
              <value>
                <![CDATA[Chrome]]>
              </value>
            </param>
          </params>
          <reporter-output>
          </reporter-output>
        </test-method> <!-- setup -->
        <test-method signature="verifyTitle()[pri:0, instance:com.mystore.testcases.IndexPageTests@313b2ea6]" started-at="2022-07-05T13:55:06 IST" name="verifyTitle" finished-at="2022-07-05T13:55:06 IST" duration-ms="35" status="PASS">
          <reporter-output>
          </reporter-output>
        </test-method> <!-- verifyTitle -->
        <test-method is-config="true" signature="teardown()[pri:0, instance:com.mystore.testcases.IndexPageTests@313b2ea6]" started-at="2022-07-05T13:55:06 IST" name="teardown" finished-at="2022-07-05T13:55:06 IST" duration-ms="551" status="PASS">
          <reporter-output>
          </reporter-output>
        </test-method> <!-- teardown -->
      </class> <!-- com.mystore.testcases.IndexPageTests -->
    </test> <!-- Chrome-Test -->
    <test started-at="2022-07-05T13:54:06 IST" name="MicroSoftEdge" finished-at="2022-07-05T13:55:09 IST" duration-ms="62252">
      <class name="com.mystore.testcases.IndexPageTests">
        <test-method is-config="true" signature="loadConfig()[pri:0, instance:com.mystore.testcases.IndexPageTests@78ffe6dc]" started-at="2022-07-05T13:54:06 IST" name="loadConfig" finished-at="2022-07-05T13:54:06 IST" duration-ms="447" status="PASS">
          <reporter-output>
          </reporter-output>
        </test-method> <!-- loadConfig -->
        <test-method is-config="true" signature="setup(java.lang.String)[pri:0, instance:com.mystore.testcases.IndexPageTests@78ffe6dc]" started-at="2022-07-05T13:54:06 IST" name="setup" finished-at="2022-07-05T13:54:29 IST" duration-ms="22907" status="PASS">
          <params>
            <param index="0">
              <value>
                <![CDATA[MicrosoftEdge]]>
              </value>
            </param>
          </params>
          <reporter-output>
          </reporter-output>
        </test-method> <!-- setup -->
        <test-method signature="VerifyLogo()[pri:0, instance:com.mystore.testcases.IndexPageTests@78ffe6dc]" started-at="2022-07-05T13:54:29 IST" name="VerifyLogo" finished-at="2022-07-05T13:54:40 IST" duration-ms="10802" status="PASS">
          <reporter-output>
          </reporter-output>
        </test-method> <!-- VerifyLogo -->
        <test-method is-config="true" signature="teardown()[pri:0, instance:com.mystore.testcases.IndexPageTests@78ffe6dc]" started-at="2022-07-05T13:54:40 IST" name="teardown" finished-at="2022-07-05T13:54:42 IST" duration-ms="1431" status="PASS">
          <reporter-output>
          </reporter-output>
        </test-method> <!-- teardown -->
        <test-method is-config="true" signature="setup(java.lang.String)[pri:0, instance:com.mystore.testcases.IndexPageTests@78ffe6dc]" started-at="2022-07-05T13:54:42 IST" name="setup" finished-at="2022-07-05T13:55:08 IST" duration-ms="26523" status="PASS">
          <params>
            <param index="0">
              <value>
                <![CDATA[MicrosoftEdge]]>
              </value>
            </param>
          </params>
          <reporter-output>
          </reporter-output>
        </test-method> <!-- setup -->
        <test-method signature="verifyTitle()[pri:0, instance:com.mystore.testcases.IndexPageTests@78ffe6dc]" started-at="2022-07-05T13:55:08 IST" name="verifyTitle" finished-at="2022-07-05T13:55:08 IST" duration-ms="26" status="PASS">
          <reporter-output>
          </reporter-output>
        </test-method> <!-- verifyTitle -->
        <test-method is-config="true" signature="teardown()[pri:0, instance:com.mystore.testcases.IndexPageTests@78ffe6dc]" started-at="2022-07-05T13:55:08 IST" name="teardown" finished-at="2022-07-05T13:55:09 IST" duration-ms="518" status="PASS">
          <reporter-output>
          </reporter-output>
        </test-method> <!-- teardown -->
        <test-method is-config="true" signature="afterSuite()[pri:0, instance:com.mystore.testcases.IndexPageTests@78ffe6dc]" started-at="2022-07-05T13:55:17 IST" name="afterSuite" finished-at="2022-07-05T13:55:17 IST" duration-ms="535" status="PASS">
          <reporter-output>
          </reporter-output>
        </test-method> <!-- afterSuite -->
      </class> <!-- com.mystore.testcases.IndexPageTests -->
    </test> <!-- MicroSoftEdge -->
    <test started-at="2022-07-05T13:54:06 IST" name="Firefox-Test" finished-at="2022-07-05T13:55:17 IST" duration-ms="70581">
      <class name="com.mystore.testcases.IndexPageTests">
        <test-method is-config="true" signature="setup(java.lang.String)[pri:0, instance:com.mystore.testcases.IndexPageTests@46fa7c39]" started-at="2022-07-05T13:54:06 IST" name="setup" finished-at="2022-07-05T13:54:39 IST" duration-ms="33093" status="PASS">
          <params>
            <param index="0">
              <value>
                <![CDATA[Firefox]]>
              </value>
            </param>
          </params>
          <reporter-output>
          </reporter-output>
        </test-method> <!-- setup -->
        <test-method signature="VerifyLogo()[pri:0, instance:com.mystore.testcases.IndexPageTests@46fa7c39]" started-at="2022-07-05T13:54:39 IST" name="VerifyLogo" finished-at="2022-07-05T13:54:40 IST" duration-ms="622" status="PASS">
          <reporter-output>
          </reporter-output>
        </test-method> <!-- VerifyLogo -->
        <test-method is-config="true" signature="teardown()[pri:0, instance:com.mystore.testcases.IndexPageTests@46fa7c39]" started-at="2022-07-05T13:54:40 IST" name="teardown" finished-at="2022-07-05T13:54:43 IST" duration-ms="2687" status="PASS">
          <reporter-output>
          </reporter-output>
        </test-method> <!-- teardown -->
        <test-method is-config="true" signature="setup(java.lang.String)[pri:0, instance:com.mystore.testcases.IndexPageTests@46fa7c39]" started-at="2022-07-05T13:54:43 IST" name="setup" finished-at="2022-07-05T13:55:15 IST" duration-ms="32584" status="PASS">
          <params>
            <param index="0">
              <value>
                <![CDATA[Firefox]]>
              </value>
            </param>
          </params>
          <reporter-output>
          </reporter-output>
        </test-method> <!-- setup -->
        <test-method signature="verifyTitle()[pri:0, instance:com.mystore.testcases.IndexPageTests@46fa7c39]" started-at="2022-07-05T13:55:15 IST" name="verifyTitle" finished-at="2022-07-05T13:55:15 IST" duration-ms="10" status="PASS">
          <reporter-output>
          </reporter-output>
        </test-method> <!-- verifyTitle -->
        <test-method is-config="true" signature="teardown()[pri:0, instance:com.mystore.testcases.IndexPageTests@46fa7c39]" started-at="2022-07-05T13:55:15 IST" name="teardown" finished-at="2022-07-05T13:55:17 IST" duration-ms="1547" status="PASS">
          <reporter-output>
          </reporter-output>
        </test-method> <!-- teardown -->
      </class> <!-- com.mystore.testcases.IndexPageTests -->
    </test> <!-- Firefox-Test -->
  </suite> <!-- CrossBrowser -->
</testng-results>
